<?xml version="1.0" encoding="UTF-8"?>
<testng-results skipped="0" failed="0" ignored="0" total="3" passed="3">
  <reporter-output>
  </reporter-output>
  <suite name="Default suite" duration-ms="4061" started-at="2023-10-02T08:51:07Z" finished-at="2023-10-02T08:51:11Z">
    <groups>
      <group name="cucumber">
        <method signature="AbstractTestNGCucumberTests.runScenario(io.cucumber.testng.PickleWrapper, io.cucumber.testng.FeatureWrapper)[pri:0, instance:cucumber.Options.TestRunner@31a5c39e]" name="runScenario" class="io.cucumber.testng.AbstractTestNGCucumberTests"/>
      </group> <!-- cucumber -->
    </groups>
    <test name="Default test" duration-ms="4061" started-at="2023-10-02T08:51:07Z" finished-at="2023-10-02T08:51:11Z">
      <class name="cucumber.Options.TestRunner">
        <test-method status="PASS" signature="setUpClass(org.testng.ITestContext)[pri:0, instance:cucumber.Options.TestRunner@31a5c39e]" name="setUpClass" is-config="true" duration-ms="146" started-at="2023-10-02T08:51:07Z" finished-at="2023-10-02T08:51:07Z">
          <params>
            <param index="0">
              <value>
                <![CDATA[org.testng.TestRunner@6f911326]]>
              </value>
            </param>
          </params>
          <reporter-output>
          </reporter-output>
        </test-method> <!-- setUpClass -->
        <test-method status="PASS" signature="runScenario(io.cucumber.testng.PickleWrapper, io.cucumber.testng.FeatureWrapper)[pri:0, instance:cucumber.Options.TestRunner@31a5c39e]" name="runScenario" duration-ms="2668" started-at="2023-10-02T08:51:07Z" description="Runs Cucumber Scenarios" data-provider="scenarios" finished-at="2023-10-02T08:51:10Z">
          <params>
            <param index="0">
              <value>
                <![CDATA["verify if place is successfully added using AddplaceAPI"]]>
              </value>
            </param>
            <param index="1">
              <value>
                <![CDATA["Validating the place API"]]>
              </value>
            </param>
          </params>
          <reporter-output>
          </reporter-output>
        </test-method> <!-- runScenario -->
        <test-method status="PASS" signature="runScenario(io.cucumber.testng.PickleWrapper, io.cucumber.testng.FeatureWrapper)[pri:0, instance:cucumber.Options.TestRunner@31a5c39e]" name="runScenario" duration-ms="586" started-at="2023-10-02T08:51:10Z" description="Runs Cucumber Scenarios" data-provider="scenarios" finished-at="2023-10-02T08:51:11Z">
          <params>
            <param index="0">
              <value>
                <![CDATA["verify if place is successfully added using AddplaceAPI"]]>
              </value>
            </param>
            <param index="1">
              <value>
                <![CDATA["Validating the place API"]]>
              </value>
            </param>
          </params>
          <reporter-output>
          </reporter-output>
        </test-method> <!-- runScenario -->
        <test-method status="PASS" signature="runScenario(io.cucumber.testng.PickleWrapper, io.cucumber.testng.FeatureWrapper)[pri:0, instance:cucumber.Options.TestRunner@31a5c39e]" name="runScenario" duration-ms="649" started-at="2023-10-02T08:51:11Z" description="Runs Cucumber Scenarios" data-provider="scenarios" finished-at="2023-10-02T08:51:11Z">
          <params>
            <param index="0">
              <value>
                <![CDATA["verify if Delete place functionality is working"]]>
              </value>
            </param>
            <param index="1">
              <value>
                <![CDATA["Validating the place API"]]>
              </value>
            </param>
          </params>
          <reporter-output>
          </reporter-output>
        </test-method> <!-- runScenario -->
        <test-method status="PASS" signature="tearDownClass()[pri:0, instance:cucumber.Options.TestRunner@31a5c39e]" name="tearDownClass" is-config="true" duration-ms="1" started-at="2023-10-02T08:51:11Z" finished-at="2023-10-02T08:51:11Z">
          <reporter-output>
          </reporter-output>
        </test-method> <!-- tearDownClass -->
      </class> <!-- cucumber.Options.TestRunner -->
    </test> <!-- Default test -->
  </suite> <!-- Default suite -->
</testng-results>
